<?xml version="1.0" encoding="UTF-8"?>
<testsuite xmlns:xsi="http://www.w3.org/2001/XMLSchema-instance" xsi:noNamespaceSchemaLocation="https://maven.apache.org/surefire/maven-surefire-plugin/xsd/surefire-test-report.xsd" name="fr.umlv.java.inside.lab6.SchedulerTest" time="0.085" tests="7" errors="0" skipped="0" failures="0">
  <properties>
[...]
</properties>
  <testcase name="testEnqueueShouldNotAcceptNull{Mode}[1]" classname="fr.umlv.java.inside.lab6.SchedulerTest" time="0.032"/>
  <testcase name="testEnqueueShouldNotAcceptNull{Mode}[2]" classname="fr.umlv.java.inside.lab6.SchedulerTest" time="0.001"/>
  <testcase name="testEnqueueShouldNotAcceptNull{Mode}[3]" classname="fr.umlv.java.inside.lab6.SchedulerTest" time="0.001"/>
  <testcase name="schedulerSTACKOrderOk" classname="fr.umlv.java.inside.lab6.SchedulerTest" time="0.005"/>
  <testcase name="testSchedulerConstructorShouldNotAcceptNull" classname="fr.umlv.java.inside.lab6.SchedulerTest" time="0.001"/>
  <testcase name="schedulerRANDOMOk" classname="fr.umlv.java.inside.lab6.SchedulerTest" time="0.005"/>
  <testcase name="schedulerFIFOOrderOk" classname="fr.umlv.java.inside.lab6.SchedulerTest" time="0.002"/>
</testsuite>